This is pdfTeXk, Version 3.141592-1.40.3 (Web2C 7.5.6) (format=pdflatex 2012.9.11)  9 JUN 2013 16:07
entering extended mode
 %&-line parsing enabled.
**poker.tex
(./poker.tex
LaTeX2e <2005/12/01>
Babel <v3.8h> and hyphenation patterns for english, usenglishmax, dumylang, noh
yphenation, arabic, basque, bulgarian, coptic, welsh, czech, slovak, german, ng
erman, danish, esperanto, spanish, catalan, galician, estonian, farsi, finnish,
 french, greek, monogreek, ancientgreek, croatian, hungarian, interlingua, ibyc
us, indonesian, icelandic, italian, latin, mongolian, dutch, norsk, polish, por
tuguese, pinyin, romanian, russian, slovenian, uppersorbian, serbian, swedish, 
turkish, ukenglish, ukrainian, loaded.
(/usr/share/texmf/tex/latex/base/article.cls
Document Class: article 2005/09/16 v1.4f Standard LaTeX document class
(/usr/share/texmf/tex/latex/base/size10.clo
File: size10.clo 2005/09/16 v1.4f Standard LaTeX file (size option)
)
\c@part=\count79
\c@section=\count80
\c@subsection=\count81
\c@subsubsection=\count82
\c@paragraph=\count83
\c@subparagraph=\count84
\c@figure=\count85
\c@table=\count86
\abovecaptionskip=\skip41
\belowcaptionskip=\skip42
\bibindent=\dimen102
) (./aaai.sty
Conference Style for AAAI for LaTeX 2e -- version of 2 February 2013
\titlebox=\skip43
) (/usr/share/texmf/tex/latex/psnfss/times.sty
Package: times 2005/04/12 PSNFSS-v9.2a (SPQR) 
)
(/usr/share/texmf/tex/latex/psnfss/helvet.sty
Package: helvet 2005/04/12 PSNFSS-v9.2a (WaS) 

(/usr/share/texmf/tex/latex/graphics/keyval.sty
Package: keyval 1999/03/16 v1.13 key=value parser (DPC)
\KV@toks@=\toks14
))
(/usr/share/texmf/tex/latex/psnfss/courier.sty
Package: courier 2005/04/12 PSNFSS-v9.2a (WaS) 
)
(/afs/inf.ed.ac.uk/user/s09/s0954584/texmf/tex/latex/changepage.sty
Package: changepage 2009/10/20 v1.0c check page and change page layout
\c@cp@cntr=\count87
\cp@tempcnt=\count88
)
(/usr/share/texmf/tex/latex/graphics/graphicx.sty
Package: graphicx 1999/02/16 v1.0f Enhanced LaTeX Graphics (DPC,SPQR)

(/usr/share/texmf/tex/latex/graphics/graphics.sty
Package: graphics 2006/02/20 v1.0o Standard LaTeX Graphics (DPC,SPQR)

(/usr/share/texmf/tex/latex/graphics/trig.sty
Package: trig 1999/03/16 v1.09 sin cos tan (DPC)
)
(/usr/share/texmf/tex/latex/config/graphics.cfg
File: graphics.cfg 2007/01/18 v1.5 graphics configuration of teTeX/TeXLive
)
Package graphics Info: Driver file: pdftex.def on input line 90.

(/usr/share/texmf/tex/latex/pdftex-def/pdftex.def
File: pdftex.def 2007/01/08 v0.04d Graphics/color for pdfTeX
\Gread@gobject=\count89
))
\Gin@req@height=\dimen103
\Gin@req@width=\dimen104
)
(/afs/inf.ed.ac.uk/user/s09/s0954584/texmf/tex/latex/subcaption.sty
Package: subcaption 2013/02/03 v1.1-62 Sub-captions (AR)

(/afs/inf.ed.ac.uk/user/s09/s0954584/texmf/tex/latex/caption.sty
Package: caption 2013/02/16 v3.3-67 Customizing captions (AR)

(/afs/inf.ed.ac.uk/user/s09/s0954584/texmf/tex/latex/caption3.sty
Package: caption3 2013/02/03 v1.5-62 caption3 kernel (AR)
\captionmargin=\dimen105
\captionmargin@=\dimen106
\captionwidth=\dimen107
\caption@tempdima=\dimen108
\caption@indent=\dimen109
\caption@parindent=\dimen110
\caption@hangindent=\dimen111
)
\c@ContinuedFloat=\count90
)
\c@subfigure=\count91
\c@subtable=\count92
)
(/usr/share/texmf/tex/latex/amsmath/amsmath.sty
Package: amsmath 2000/07/18 v2.13 AMS math features
\@mathmargin=\skip44

For additional information on amsmath, use the `?' option.
(/usr/share/texmf/tex/latex/amsmath/amstext.sty
Package: amstext 2000/06/29 v2.01

(/usr/share/texmf/tex/latex/amsmath/amsgen.sty
File: amsgen.sty 1999/11/30 v2.0
\@emptytoks=\toks15
\ex@=\dimen112
))
(/usr/share/texmf/tex/latex/amsmath/amsbsy.sty
Package: amsbsy 1999/11/29 v1.2d
\pmbraise@=\dimen113
)
(/usr/share/texmf/tex/latex/amsmath/amsopn.sty
Package: amsopn 1999/12/14 v2.01 operator names
)
\inf@bad=\count93
LaTeX Info: Redefining \frac on input line 211.
\uproot@=\count94
\leftroot@=\count95
LaTeX Info: Redefining \overline on input line 307.
\classnum@=\count96
\DOTSCASE@=\count97
LaTeX Info: Redefining \ldots on input line 379.
LaTeX Info: Redefining \dots on input line 382.
LaTeX Info: Redefining \cdots on input line 467.
\Mathstrutbox@=\box26
\strutbox@=\box27
\big@size=\dimen114
LaTeX Font Info:    Redeclaring font encoding OML on input line 567.
LaTeX Font Info:    Redeclaring font encoding OMS on input line 568.
\macc@depth=\count98
\c@MaxMatrixCols=\count99
\dotsspace@=\muskip10
\c@parentequation=\count100
\dspbrk@lvl=\count101
\tag@help=\toks16
\row@=\count102
\column@=\count103
\maxfields@=\count104
\andhelp@=\toks17
\eqnshift@=\dimen115
\alignsep@=\dimen116
\tagshift@=\dimen117
\tagwidth@=\dimen118
\totwidth@=\dimen119
\lineht@=\dimen120
\@envbody=\toks18
\multlinegap=\skip45
\multlinetaggap=\skip46
\mathdisplay@stack=\toks19
LaTeX Info: Redefining \[ on input line 2666.
LaTeX Info: Redefining \] on input line 2667.
) (./poker.aux)
\openout1 = `poker.aux'.

LaTeX Font Info:    Checking defaults for OML/cmm/m/it on input line 39.
LaTeX Font Info:    ... okay on input line 39.
LaTeX Font Info:    Checking defaults for T1/cmr/m/n on input line 39.
LaTeX Font Info:    ... okay on input line 39.
LaTeX Font Info:    Checking defaults for OT1/cmr/m/n on input line 39.
LaTeX Font Info:    ... okay on input line 39.
LaTeX Font Info:    Checking defaults for OMS/cmsy/m/n on input line 39.
LaTeX Font Info:    ... okay on input line 39.
LaTeX Font Info:    Checking defaults for OMX/cmex/m/n on input line 39.
LaTeX Font Info:    ... okay on input line 39.
LaTeX Font Info:    Checking defaults for U/cmr/m/n on input line 39.
LaTeX Font Info:    ... okay on input line 39.
LaTeX Font Info:    Try loading font information for OT1+ptm on input line 39.

(/usr/share/texmf/tex/latex/psnfss/ot1ptm.fd
File: ot1ptm.fd 2001/06/04 font definitions for OT1/ptm.
)
(/usr/share/texmf/tex/context/base/supp-pdf.tex
[Loading MPS to PDF converter (version 2006.09.02).]
\scratchcounter=\count105
\scratchdimen=\dimen121
\scratchbox=\box28
\nofMPsegments=\count106
\nofMParguments=\count107
\MPscratchCnt=\count108
\MPscratchDim=\dimen122
\MPnumerator=\count109
\everyMPtoPDFconversion=\toks20
)
Package caption Info: Begin \AtBeginDocument code.
Package caption Info: End \AtBeginDocument code.
LaTeX Font Info:    Font shape `OT1/ptm/bx/n' in size <14.4> not available
(Font)              Font shape `OT1/ptm/b/n' tried instead on input line 40.
LaTeX Font Info:    Font shape `OT1/ptm/bx/n' in size <12> not available
(Font)              Font shape `OT1/ptm/b/n' tried instead on input line 40.


LaTeX Warning: No \author given.

LaTeX Font Info:    Font shape `OT1/ptm/bx/n' in size <10> not available
(Font)              Font shape `OT1/ptm/b/n' tried instead on input line 46.
LaTeX Font Info:    Font shape `OT1/ptm/bx/n' in size <9> not available
(Font)              Font shape `OT1/ptm/b/n' tried instead on input line 52.
[1{/var/lib/texmf/fonts/map/pdftex/updmap/pdftex.map}



]
Missing character: There is no Ã in font ptmr7t!
Missing character: There is no ® in font ptmr7t!

Underfull \hbox (badness 1199) in paragraph at lines 102--103
[]\OT1/ptm/m/n/10 on av-er-age, how ag-gres-sive
 []


Underfull \hbox (badness 1924) in paragraph at lines 103--104
[]\OT1/ptm/m/n/10 how many hands have been
 []

[2]
</afs/inf.ed.ac.uk/user/s09/s0954584/Dropbox/4th/Poker/pos.jpg, id=12, 1505.625
pt x 501.875pt>
File: /afs/inf.ed.ac.uk/user/s09/s0954584/Dropbox/4th/Poker/pos.jpg Graphic fil
e (type jpg)

<use /afs/inf.ed.ac.uk/user/s09/s0954584/Dropbox/4th/Poker/pos.jpg>
</afs/inf.ed.ac.uk/user/s09/s0954584/Dropbox/4th/Poker/potVar.jpg, id=13, 1505.
625pt x 501.875pt>
File: /afs/inf.ed.ac.uk/user/s09/s0954584/Dropbox/4th/Poker/potVar.jpg Graphic 
file (type jpg)

<use /afs/inf.ed.ac.uk/user/s09/s0954584/Dropbox/4th/Poker/potVar.jpg>
</afs/inf.ed.ac.uk/user/s09/s0954584/Dropbox/4th/Poker/raisePotVar.jpg, id=14, 
1505.625pt x 501.875pt>
File: /afs/inf.ed.ac.uk/user/s09/s0954584/Dropbox/4th/Poker/raisePotVar.jpg Gra
phic file (type jpg)

<use /afs/inf.ed.ac.uk/user/s09/s0954584/Dropbox/4th/Poker/raisePotVar.jpg>
[3 </afs/inf.ed.ac.uk/user/s09/s0954584/Dropbox/4th/Poker/pos.jpg> </afs/inf.ed
.ac.uk/user/s09/s0954584/Dropbox/4th/Poker/potVar.jpg> </afs/inf.ed.ac.uk/user/
s09/s0954584/Dropbox/4th/Poker/raisePotVar.jpg>]
</afs/inf.ed.ac.uk/user/s09/s0954584/Dropbox/4th/Poker/flopStrength.jpg, id=18,
 1505.625pt x 501.875pt>
File: /afs/inf.ed.ac.uk/user/s09/s0954584/Dropbox/4th/Poker/flopStrength.jpg Gr
aphic file (type jpg)

<use /afs/inf.ed.ac.uk/user/s09/s0954584/Dropbox/4th/Poker/flopStrength.jpg>
</afs/inf.ed.ac.uk/user/s09/s0954584/Dropbox/4th/Poker/noRaises.jpg, id=19, 150
5.625pt x 501.875pt>
File: /afs/inf.ed.ac.uk/user/s09/s0954584/Dropbox/4th/Poker/noRaises.jpg Graphi
c file (type jpg)

<use /afs/inf.ed.ac.uk/user/s09/s0954584/Dropbox/4th/Poker/noRaises.jpg>
</afs/inf.ed.ac.uk/user/s09/s0954584/Dropbox/4th/Poker/avgPreRaise.jpg, id=20, 
1505.625pt x 501.875pt>
File: /afs/inf.ed.ac.uk/user/s09/s0954584/Dropbox/4th/Poker/avgPreRaise.jpg Gra
phic file (type jpg)

<use /afs/inf.ed.ac.uk/user/s09/s0954584/Dropbox/4th/Poker/avgPreRaise.jpg>
[4 </afs/inf.ed.ac.uk/user/s09/s0954584/Dropbox/4th/Poker/flopStrength.jpg> </a
fs/inf.ed.ac.uk/user/s09/s0954584/Dropbox/4th/Poker/noRaises.jpg> </afs/inf.ed.
ac.uk/user/s09/s0954584/Dropbox/4th/Poker/avgPreRaise.jpg>]
</afs/inf.ed.ac.uk/user/s09/s0954584/Dropbox/4th/Poker/handVar.jpg, id=24, 1505
.625pt x 501.875pt>
File: /afs/inf.ed.ac.uk/user/s09/s0954584/Dropbox/4th/Poker/handVar.jpg Graphic
 file (type jpg)

<use /afs/inf.ed.ac.uk/user/s09/s0954584/Dropbox/4th/Poker/handVar.jpg>
</afs/inf.ed.ac.uk/user/s09/s0954584/Dropbox/4th/Poker/histAmmWon.jpg, id=25, 1
505.625pt x 501.875pt>
File: /afs/inf.ed.ac.uk/user/s09/s0954584/Dropbox/4th/Poker/histAmmWon.jpg Grap
hic file (type jpg)

<use /afs/inf.ed.ac.uk/user/s09/s0954584/Dropbox/4th/Poker/histAmmWon.jpg>
</afs/inf.ed.ac.uk/user/s09/s0954584/Dropbox/4th/Poker/ig8_200.jpg, id=26, 1084
.05pt x 361.35pt>
File: /afs/inf.ed.ac.uk/user/s09/s0954584/Dropbox/4th/Poker/ig8_200.jpg Graphic
 file (type jpg)

<use /afs/inf.ed.ac.uk/user/s09/s0954584/Dropbox/4th/Poker/ig8_200.jpg>
[5 </afs/inf.ed.ac.uk/user/s09/s0954584/Dropbox/4th/Poker/handVar.jpg> </afs/in
f.ed.ac.uk/user/s09/s0954584/Dropbox/4th/Poker/histAmmWon.jpg> </afs/inf.ed.ac.
uk/user/s09/s0954584/Dropbox/4th/Poker/ig8_200.jpg>] [6




]
</afs/inf.ed.ac.uk/user/s09/s0954584/Dropbox/4th/Poker/rocNorm8.jpg, id=36, 108
4.05pt x 361.35pt>
File: /afs/inf.ed.ac.uk/user/s09/s0954584/Dropbox/4th/Poker/rocNorm8.jpg Graphi
c file (type jpg)

<use /afs/inf.ed.ac.uk/user/s09/s0954584/Dropbox/4th/Poker/rocNorm8.jpg>
</afs/inf.ed.ac.uk/user/s09/s0954584/Dropbox/4th/Poker/convergence8.jpg, id=37,
 1084.05pt x 361.35pt>
File: /afs/inf.ed.ac.uk/user/s09/s0954584/Dropbox/4th/Poker/convergence8.jpg Gr
aphic file (type jpg)

<use /afs/inf.ed.ac.uk/user/s09/s0954584/Dropbox/4th/Poker/convergence8.jpg>
</afs/inf.ed.ac.uk/user/s09/s0954584/Dropbox/4th/Poker/smallConv8.jpg, id=38, 1
084.05pt x 361.35pt>
File: /afs/inf.ed.ac.uk/user/s09/s0954584/Dropbox/4th/Poker/smallConv8.jpg Grap
hic file (type jpg)

<use /afs/inf.ed.ac.uk/user/s09/s0954584/Dropbox/4th/Poker/smallConv8.jpg>
[7 </afs/inf.ed.ac.uk/user/s09/s0954584/Dropbox/4th/Poker/rocNorm8.jpg> </afs/i
nf.ed.ac.uk/user/s09/s0954584/Dropbox/4th/Poker/convergence8.jpg> </afs/inf.ed.
ac.uk/user/s09/s0954584/Dropbox/4th/Poker/smallConv8.jpg>] (./poker.bbl
Missing character: There is no â in font ptmr7t!
Missing character: There is no € in font ptmr7t!
Missing character: There is no ™ in font ptmr7t!

Underfull \hbox (badness 1072) in paragraph at lines 51--56
[]\OT1/ptm/m/n/10 Johanson, M.  2007.  Ro-bust strate-gies and counter-
 []


Underfull \hbox (badness 1348) in paragraph at lines 51--56
\OT1/ptm/m/n/10 strategies: Build-ing a cham-pion level com-puter poker
 []

Missing character: There is no Ã in font ptmr7t!
Missing character: There is no ® in font ptmr7t!
Missing character: There is no â in font ptmr7t!
Missing character: There is no € in font ptmr7t!
Missing character: There is no ™ in font ptmr7t!
Missing character: There is no â in font ptmr7t!
Missing character: There is no € in font ptmr7t!
Missing character: There is no ™ in font ptmr7t!
) [8


] (./poker.aux) ) 
Here is how much of TeX's memory you used:
 2763 strings out of 256216
 42303 string characters out of 1917072
 97022 words of memory out of 1500000
 6028 multiletter control sequences out of 10000+200000
 23595 words of font info for 46 fonts, out of 1200000 for 2000
 645 hyphenation exceptions out of 8191
 42i,10n,40p,1820b,263s stack positions out of 5000i,500n,6000p,200000b,15000s
{/usr/share/texmf/fonts/enc/dvips/base/8r.enc}</usr/share/texm
f/fonts/type1/bluesky/cm/cmmi10.pfb></usr/share/texmf/fonts/type1/bluesky/cm/cm
mi7.pfb></usr/share/texmf/fonts/type1/bluesky/cm/cmr10.pfb></usr/share/texmf/fo
nts/type1/bluesky/cm/cmsy10.pfb></usr/share/texmf/fonts/type1/urw/times/utmb8a.
pfb></usr/share/texmf/fonts/type1/urw/times/utmr8a.pfb></usr/share/texmf/fonts/
type1/urw/times/utmri8a.pfb>
Output written on poker.pdf (8 pages, 6009809 bytes).
PDF statistics:
 70 PDF objects out of 1000 (max. 8388607)
 0 named destinations out of 1000 (max. 131072)
 61 words of extra memory for PDF output out of 10000 (max. 10000000)

