This is pdfTeXk, Version 3.141592-1.40.3 (Web2C 7.5.6) (format=pdflatex 2012.9.11)  15 MAR 2013 19:47
entering extended mode
 %&-line parsing enabled.
**shredderPoster.tex
(./shredderPoster.tex
LaTeX2e <2005/12/01>
Babel <v3.8h> and hyphenation patterns for english, usenglishmax, dumylang, noh
yphenation, arabic, basque, bulgarian, coptic, welsh, czech, slovak, german, ng
erman, danish, esperanto, spanish, catalan, galician, estonian, farsi, finnish,
 french, greek, monogreek, ancientgreek, croatian, hungarian, interlingua, ibyc
us, indonesian, icelandic, italian, latin, mongolian, dutch, norsk, polish, por
tuguese, pinyin, romanian, russian, slovenian, uppersorbian, serbian, swedish, 
turkish, ukenglish, ukrainian, loaded.
(./baposter.cls
Document Class: baposter 2011/11/26 v2.0 baposter class
(/usr/share/texmf/tex/latex/base/article.cls
Document Class: article 2005/09/16 v1.4f Standard LaTeX document class
(/usr/share/texmf/tex/latex/base/size10.clo
File: size10.clo 2005/09/16 v1.4f Standard LaTeX file (size option)
)
\c@part=\count79
\c@section=\count80
\c@subsection=\count81
\c@subsubsection=\count82
\c@paragraph=\count83
\c@subparagraph=\count84
\c@figure=\count85
\c@table=\count86
\abovecaptionskip=\skip41
\belowcaptionskip=\skip42
\bibindent=\dimen102
)
baposter: Brian Amberg, 2007, 2008, 2009, 2010, 2011 | http://www.brian-amberg.
de/uni/poster/
baposter: Reinhold Kainhofer, 2011 | http://reinhold.kainhofer.com/
\baposter@basepaperwidth=\skip43
\baposter@basepaperheight=\skip44
\baposter@basemargin=\skip45
\baposter@finalpaperwidth=\skip46
\baposter@finalpaperheight=\skip47
\baposter@finalmargin=\skip48
\headerheight=\skip49
\colwidth=\skip50
\colheight=\skip51
\baposter@@colspacing=\skip52
\baposter@box@@cornerradius=\skip53
\baposter@box@@boxheaderheight=\skip54
\baposter@box@@boxpadding=\skip55
\boxstartx=\skip56
\boxstarty=\skip57
\boxwidth=\skip58
\boxheight=\skip59
\baposter@titleimage@left@width=\skip60
\baposter@titleimage@right@width=\skip61
\baposter@titleimage@textwidth=\skip62
\baposter@box@content=\box26
\baposter@titleimage@left=\box27
\baposter@titleimage@title=\box28
\baposter@titleimage@right=\box29
Use Packages
(/usr/share/texmf/tex/latex/xkeyval/xkeyval.sty
Package: xkeyval 2006/11/18 v2.5f package option processing (HA)

(/usr/share/texmf/tex/latex/xkeyval/xkeyval.tex
\XKV@toks=\toks14
\XKV@depth=\count87
File: xkeyval.tex 2006/11/18 v2.5f key=value parser (HA)

(/usr/share/texmf/tex/latex/xkeyval/keyval.tex)))
(/usr/share/texmf/tex/latex/tools/calc.sty
Package: calc 2005/08/06 v4.2 Infix arithmetic (KKT,FJ)
\calc@Acount=\count88
\calc@Bcount=\count89
\calc@Adimen=\dimen103
\calc@Bdimen=\dimen104
\calc@Askip=\skip63
\calc@Bskip=\skip64
LaTeX Info: Redefining \setlength on input line 75.
LaTeX Info: Redefining \addtolength on input line 76.
\calc@Ccount=\count90
\calc@Cskip=\skip65
)
(/usr/share/texmf/tex/latex/xcolor/xcolor.sty
Package: xcolor 2007/01/21 v2.11 LaTeX color extensions (UK)

(/usr/share/texmf/tex/latex/config/color.cfg
File: color.cfg 2007/01/18 v1.5 color configuration of teTeX/TeXLive
)
Package xcolor Info: Driver file: pdftex.def on input line 225.

(/usr/share/texmf/tex/latex/pdftex-def/pdftex.def
File: pdftex.def 2007/01/08 v0.04d Graphics/color for pdfTeX
\Gread@gobject=\count91
)
Package xcolor Info: Model `cmy' substituted by `cmy0' on input line 1337.
Package xcolor Info: Model `hsb' substituted by `rgb' on input line 1341.
Package xcolor Info: Model `RGB' extended on input line 1353.
Package xcolor Info: Model `HTML' substituted by `rgb' on input line 1355.
Package xcolor Info: Model `Hsb' substituted by `hsb' on input line 1356.
Package xcolor Info: Model `tHsb' substituted by `hsb' on input line 1357.
Package xcolor Info: Model `HSB' substituted by `hsb' on input line 1358.
Package xcolor Info: Model `Gray' substituted by `gray' on input line 1359.
Package xcolor Info: Model `wave' substituted by `hsb' on input line 1360.
)
(/usr/local/share/texmf/tex/latex/pgf-2.00/latex/pgf/frontendlayer/tikz.sty
(/usr/local/share/texmf/tex/latex/pgf-2.00/latex/pgf/basiclayer/pgf.sty
(/usr/local/share/texmf/tex/latex/pgf-2.00/latex/pgf/utilities/pgfrcs.sty
(/usr/local/share/texmf/tex/latex/pgf-2.00/generic/pgf/utilities/pgfutil-common
.tex
\pgfutil@everybye=\toks15
)
(/usr/local/share/texmf/tex/latex/pgf-2.00/generic/pgf/utilities/pgfutil-latex.
def)
(/usr/local/share/texmf/tex/latex/pgf-2.00/generic/pgf/utilities/pgfrcs.code.te
x
Package: pgfrcs 2008/02/20 v2.00 (rcs-revision 1.21)
))
Package: pgf 2008/01/15 v2.00 (rcs-revision 1.12)
 (/usr/local/share/texmf/tex/latex/pgf-2.00/latex/pgf/basiclayer/pgfcore.sty (/
usr/share/texmf/tex/latex/graphics/graphicx.sty
Package: graphicx 1999/02/16 v1.0f Enhanced LaTeX Graphics (DPC,SPQR)

(/usr/share/texmf/tex/latex/graphics/graphics.sty
Package: graphics 2006/02/20 v1.0o Standard LaTeX Graphics (DPC,SPQR)

(/usr/share/texmf/tex/latex/graphics/trig.sty
Package: trig 1999/03/16 v1.09 sin cos tan (DPC)
)
(/usr/share/texmf/tex/latex/config/graphics.cfg
File: graphics.cfg 2007/01/18 v1.5 graphics configuration of teTeX/TeXLive
)
Package graphics Info: Driver file: pdftex.def on input line 90.
)
\Gin@req@height=\dimen105
\Gin@req@width=\dimen106
)
(/usr/local/share/texmf/tex/latex/pgf-2.00/latex/pgf/systemlayer/pgfsys.sty
(/usr/local/share/texmf/tex/latex/pgf-2.00/generic/pgf/systemlayer/pgfsys.code.
tex
Package: pgfsys 2008/02/07 v2.00 (rcs-revision 1.31)

(/usr/local/share/texmf/tex/latex/pgf-2.00/generic/pgf/utilities/pgfkeys.code.t
ex
\pgfkeys@pathtoks=\toks16
\pgfkeys@temptoks=\toks17
)
\pgf@x=\dimen107
\pgf@y=\dimen108
\pgf@xa=\dimen109
\pgf@ya=\dimen110
\pgf@xb=\dimen111
\pgf@yb=\dimen112
\pgf@xc=\dimen113
\pgf@yc=\dimen114
\c@pgf@counta=\count92
\c@pgf@countb=\count93
\c@pgf@countc=\count94
\c@pgf@countd=\count95
 (/usr/local/share/texmf/tex/latex/pgf-2.00/generic/pgf/systemlayer/pgf.cfg
File: pgf.cfg 2008/01/13  (rcs-revision 1.6)
)
Package pgfsys Info: Driver file for pgf: pgfsys-pdftex.def on input line 885.

(/usr/local/share/texmf/tex/latex/pgf-2.00/generic/pgf/systemlayer/pgfsys-pdfte
x.def
File: pgfsys-pdftex.def 2007/12/20  (rcs-revision 1.20)

(/usr/local/share/texmf/tex/latex/pgf-2.00/generic/pgf/systemlayer/pgfsys-commo
n-pdf.def
File: pgfsys-common-pdf.def 2007/12/17  (rcs-revision 1.8)
)))
(/usr/local/share/texmf/tex/latex/pgf-2.00/generic/pgf/systemlayer/pgfsyssoftpa
th.code.tex
File: pgfsyssoftpath.code.tex 2008/01/23  (rcs-revision 1.6)
\pgfsyssoftpath@smallbuffer@items=\count96
\pgfsyssoftpath@bigbuffer@items=\count97
)
(/usr/local/share/texmf/tex/latex/pgf-2.00/generic/pgf/systemlayer/pgfsysprotoc
ol.code.tex
File: pgfsysprotocol.code.tex 2006/10/16  (rcs-revision 1.4)
))
(/usr/local/share/texmf/tex/latex/pgf-2.00/generic/pgf/basiclayer/pgfcore.code.
tex
Package: pgfcore 2008/01/15 v2.00 (rcs-revision 1.6)

(/usr/local/share/texmf/tex/latex/pgf-2.00/generic/pgf/math/pgfmath.code.tex
(/usr/local/share/texmf/tex/latex/pgf-2.00/generic/pgf/math/pgfmathcalc.code.te
x
(/usr/local/share/texmf/tex/latex/pgf-2.00/generic/pgf/math/pgfmathutil.code.te
x
\pgfmath@box=\box30
)
(/usr/local/share/texmf/tex/latex/pgf-2.00/generic/pgf/math/pgfmathparser.code.
tex
\pgfmath@stack=\toks18
\c@pgfmath@parsecounta=\count98
\c@pgfmath@parsecountb=\count99
\c@pgfmath@parsecountc=\count100
\pgfmath@parsex=\dimen115
)
(/usr/local/share/texmf/tex/latex/pgf-2.00/generic/pgf/math/pgfmathoperations.c
ode.tex
(/usr/local/share/texmf/tex/latex/pgf-2.00/generic/pgf/math/pgfmathtrig.code.te
x)
(/usr/local/share/texmf/tex/latex/pgf-2.00/generic/pgf/math/pgfmathrnd.code.tex
))
(/usr/local/share/texmf/tex/latex/pgf-2.00/generic/pgf/math/pgfmathbase.code.te
x)))
(/usr/local/share/texmf/tex/latex/pgf-2.00/generic/pgf/basiclayer/pgfcorepoints
.code.tex
File: pgfcorepoints.code.tex 2008/02/03  (rcs-revision 1.13)
\pgf@picminx=\dimen116
\pgf@picmaxx=\dimen117
\pgf@picminy=\dimen118
\pgf@picmaxy=\dimen119
\pgf@pathminx=\dimen120
\pgf@pathmaxx=\dimen121
\pgf@pathminy=\dimen122
\pgf@pathmaxy=\dimen123
\pgf@xx=\dimen124
\pgf@xy=\dimen125
\pgf@yx=\dimen126
\pgf@yy=\dimen127
\pgf@zx=\dimen128
\pgf@zy=\dimen129
)
(/usr/local/share/texmf/tex/latex/pgf-2.00/generic/pgf/basiclayer/pgfcorepathco
nstruct.code.tex
File: pgfcorepathconstruct.code.tex 2008/02/13  (rcs-revision 1.14)
\pgf@path@lastx=\dimen130
\pgf@path@lasty=\dimen131
)
(/usr/local/share/texmf/tex/latex/pgf-2.00/generic/pgf/basiclayer/pgfcorepathus
age.code.tex
File: pgfcorepathusage.code.tex 2008/01/23  (rcs-revision 1.11)
\pgf@shorten@end@additional=\dimen132
\pgf@shorten@start@additional=\dimen133
)
(/usr/local/share/texmf/tex/latex/pgf-2.00/generic/pgf/basiclayer/pgfcorescopes
.code.tex
File: pgfcorescopes.code.tex 2008/01/15  (rcs-revision 1.26)
\pgfpic=\box31
\pgf@hbox=\box32
\pgf@layerbox@main=\box33
\pgf@picture@serial@count=\count101
)
(/usr/local/share/texmf/tex/latex/pgf-2.00/generic/pgf/basiclayer/pgfcoregraphi
cstate.code.tex
File: pgfcoregraphicstate.code.tex 2007/12/12  (rcs-revision 1.8)
\pgflinewidth=\dimen134
)
(/usr/local/share/texmf/tex/latex/pgf-2.00/generic/pgf/basiclayer/pgfcoretransf
ormations.code.tex
File: pgfcoretransformations.code.tex 2008/02/04  (rcs-revision 1.10)
\pgf@pt@x=\dimen135
\pgf@pt@y=\dimen136
\pgf@pt@temp=\dimen137
)
(/usr/local/share/texmf/tex/latex/pgf-2.00/generic/pgf/basiclayer/pgfcorequick.
code.tex
File: pgfcorequick.code.tex 2006/10/11  (rcs-revision 1.2)
)
(/usr/local/share/texmf/tex/latex/pgf-2.00/generic/pgf/basiclayer/pgfcoreobject
s.code.tex
File: pgfcoreobjects.code.tex 2006/10/11  (rcs-revision 1.2)
)
(/usr/local/share/texmf/tex/latex/pgf-2.00/generic/pgf/basiclayer/pgfcorepathpr
ocessing.code.tex
File: pgfcorepathprocessing.code.tex 2008/01/23  (rcs-revision 1.7)
)
(/usr/local/share/texmf/tex/latex/pgf-2.00/generic/pgf/basiclayer/pgfcorearrows
.code.tex
File: pgfcorearrows.code.tex 2007/06/07  (rcs-revision 1.8)
)
(/usr/local/share/texmf/tex/latex/pgf-2.00/generic/pgf/basiclayer/pgfcoreshade.
code.tex
File: pgfcoreshade.code.tex 2007/12/10  (rcs-revision 1.9)
\pgf@max=\dimen138
\pgf@sys@shading@range@num=\count102
)
(/usr/local/share/texmf/tex/latex/pgf-2.00/generic/pgf/basiclayer/pgfcoreimage.
code.tex
File: pgfcoreimage.code.tex 2008/01/15  (rcs-revision 1.1)
\pgfexternal@startupbox=\box34
)
(/usr/local/share/texmf/tex/latex/pgf-2.00/generic/pgf/basiclayer/pgfcorelayers
.code.tex
File: pgfcorelayers.code.tex 2008/01/15  (rcs-revision 1.1)
)
(/usr/local/share/texmf/tex/latex/pgf-2.00/generic/pgf/basiclayer/pgfcoretransp
arency.code.tex
File: pgfcoretransparency.code.tex 2008/01/17  (rcs-revision 1.2)
)
(/usr/local/share/texmf/tex/latex/pgf-2.00/generic/pgf/basiclayer/pgfcorepatter
ns.code.tex
File: pgfcorepatterns.code.tex 2008/01/15  (rcs-revision 1.1)
)))
(/usr/local/share/texmf/tex/latex/pgf-2.00/generic/pgf/modules/pgfmoduleshapes.
code.tex
File: pgfmoduleshapes.code.tex 2008/02/13  (rcs-revision 1.4)
\pgfnodeparttextbox=\box35
\toks@savedmacro=\toks19
)
(/usr/local/share/texmf/tex/latex/pgf-2.00/generic/pgf/modules/pgfmoduleplot.co
de.tex
File: pgfmoduleplot.code.tex 2008/01/15  (rcs-revision 1.1)
\pgf@plotwrite=\write3
)
(/usr/local/share/texmf/tex/latex/pgf-2.00/latex/pgf/compatibility/pgfcomp-vers
ion-0-65.sty
Package: pgfcomp-version-0-65 2007/07/03 v2.00 (rcs-revision 1.7)
\pgf@nodesepstart=\dimen139
\pgf@nodesepend=\dimen140
)
(/usr/local/share/texmf/tex/latex/pgf-2.00/latex/pgf/compatibility/pgfcomp-vers
ion-1-18.sty
Package: pgfcomp-version-1-18 2007/07/23 v2.00 (rcs-revision 1.1)
))
(/usr/local/share/texmf/tex/latex/pgf-2.00/latex/pgf/utilities/pgffor.sty
(/usr/local/share/texmf/tex/latex/pgf-2.00/generic/pgf/utilities/pgffor.code.te
x
Package: pgffor 2007/11/07 v2.00 (rcs-revision 1.8)
\pgffor@iter=\dimen141
\pgffor@skip=\dimen142
))
(/usr/local/share/texmf/tex/latex/pgf-2.00/generic/pgf/frontendlayer/tikz/tikz.
code.tex
Package: tikz 2008/02/13 v2.00 (rcs-revision 1.27)

(/usr/local/share/texmf/tex/latex/pgf-2.00/generic/pgf/libraries/pgflibraryplot
handlers.code.tex
File: pgflibraryplothandlers.code.tex 2007/03/09 v2.00 (rcs-revision 1.9)
\pgf@plot@mark@count=\count103
\pgfplotmarksize=\dimen143
)
\tikz@lastx=\dimen144
\tikz@lasty=\dimen145
\tikz@lastxsaved=\dimen146
\tikz@lastysaved=\dimen147
\tikzleveldistance=\dimen148
\tikzsiblingdistance=\dimen149
\tikz@figbox=\box36
\tikz@tempbox=\box37
\tikztreelevel=\count104
\tikznumberofchildren=\count105
\tikznumberofcurrentchild=\count106
\tikz@fig@count=\count107

(/usr/local/share/texmf/tex/latex/pgf-2.00/generic/pgf/modules/pgfmodulematrix.
code.tex
File: pgfmodulematrix.code.tex 2008/01/15  (rcs-revision 1.1)
\pgfmatrixcurrentrow=\count108
\pgfmatrixcurrentcolumn=\count109
\pgf@matrix@numberofcolumns=\count110
)
\tikz@expandcount=\count111

(/usr/local/share/texmf/tex/latex/pgf-2.00/generic/pgf/frontendlayer/tikz/libra
ries/tikzlibrarytopaths.code.tex
File: tikzlibrarytopaths.code.tex 2008/01/09 v2.00 (rcs-revision 1.1)
))) (/usr/share/texmf/tex/latex/base/ifthen.sty
Package: ifthen 2001/05/26 v1.1c Standard LaTeX ifthen package (DPC)
) (/usr/share/texmf/tex/latex/base/fontenc.sty
Package: fontenc 2005/09/27 v1.99g Standard LaTeX package

(/usr/share/texmf/tex/latex/base/t1enc.def
File: t1enc.def 2005/09/27 v1.99g Standard LaTeX file
LaTeX Font Info:    Redeclaring font encoding T1 on input line 43.
))
(/usr/local/share/texmf/tex/latex/pgf-2.00/generic/pgf/frontendlayer/tikz/libra
ries/tikzlibrarydecorations.code.tex
(/usr/local/share/texmf/tex/latex/pgf-2.00/generic/pgf/modules/pgfmoduledecorat
ions.code.tex
\pgfdecoratedcompleteddistance=\dimen150
\pgfdecoratedremainingdistance=\dimen151
\pgfdecoratedinputsegmentcompleteddistance=\dimen152
\pgfdecoratedinputsegmentremainingdistance=\dimen153
\pgf@decorate@distancetomove=\dimen154
\pgf@decorate@repeatstate=\count112
\pgfdecorationsegmentamplitude=\dimen155
\pgfdecorationsegmentlength=\dimen156
))
(/usr/local/share/texmf/tex/latex/pgf-2.00/generic/pgf/frontendlayer/tikz/libra
ries/tikzlibraryfadings.code.tex
File: tikzlibraryfadings.code.tex 2008/01/09 v2.00 (rcs-revision 1.1)

(/usr/local/share/texmf/tex/latex/pgf-2.00/generic/pgf/libraries/pgflibraryfadi
ngs.code.tex
File: pgflibraryfadings.code.tex 2008/02/07 v2.00 (rcs-revision 1.3)
))
(/usr/local/share/texmf/tex/latex/pgf-2.00/generic/pgf/frontendlayer/tikz/libra
ries/tikzlibrarysnakes.code.tex
File: tikzlibrarysnakes.code.tex 2008/02/05 v2.00 (rcs-revision 1.6)


Package tikz Warning: Snakes have been superseded by decorations. Please use th
e decoration libraries instead of the snakes library on input line 14.


(/usr/local/share/texmf/tex/latex/pgf-2.00/generic/pgf/frontendlayer/tikz/libra
ries/tikzlibrarydecorations.pathmorphing.code.tex
(/usr/local/share/texmf/tex/latex/pgf-2.00/generic/pgf/libraries/pgflibrarydeco
rations.pathmorphing.code.tex))
(/usr/local/share/texmf/tex/latex/pgf-2.00/generic/pgf/frontendlayer/tikz/libra
ries/tikzlibrarydecorations.pathreplacing.code.tex
(/usr/local/share/texmf/tex/latex/pgf-2.00/generic/pgf/libraries/pgflibrarydeco
rations.pathreplacing.code.tex))
(/usr/local/share/texmf/tex/latex/pgf-2.00/generic/pgf/frontendlayer/tikz/libra
ries/tikzlibrarydecorations.shapes.code.tex
(/usr/local/share/texmf/tex/latex/pgf-2.00/generic/pgf/libraries/pgflibrarydeco
rations.shapes.code.tex)))
(/usr/local/share/texmf/tex/latex/pgf-2.00/generic/pgf/frontendlayer/tikz/libra
ries/tikzlibrarycalc.code.tex
File: tikzlibrarycalc.code.tex 2008/02/04 v2.00 (rcs-revision 1.5)
)
\baposter@movebody=\skip66
\baposter@basemarginright=\skip67
\baposter@basemarginleft=\skip68

Paperwidth=2392.87677pt
Paperheight=3383.03267pt
BasePaperwidth=662.80963pt
BasePaperheight=937.07568pt
(/usr/share/texmf/tex/latex/geometry/geometry.sty
Package: geometry 2002/07/08 v3.2 Page Geometry
\Gm@cnth=\count113
\Gm@cntv=\count114
\c@Gm@tempcnt=\count115
\Gm@bindingoffset=\dimen157
\Gm@wd@mp=\dimen158
\Gm@odd@mp=\dimen159
\Gm@even@mp=\dimen160
\Gm@dimlist=\toks20

(/usr/share/texmf/tex/xelatex/xetexconfig/geometry.cfg))
(/usr/local/share/texmf/tex/latex/pgf-2.00/latex/pgf/utilities/pgfpages.sty
Package: pgfpages 2004/11/05 ver 0.01
\pgf@logicalpages=\count116
\pgf@firstshipout=\count117
\pgf@lastshipout=\count118
\pgf@currentshipout=\count119
\pgf@cpn=\count120
\pgf@shipoutnextto=\count121
\pgfphysicalheight=\dimen161
\pgfphysicalwidth=\dimen162
\pgfpages@shipoutbox=\box38
)
\pgfpages@box@1=\box39
)
(/usr/share/texmf/tex/latex/amsmath/amsmath.sty
Package: amsmath 2000/07/18 v2.13 AMS math features
\@mathmargin=\skip69

For additional information on amsmath, use the `?' option.
(/usr/share/texmf/tex/latex/amsmath/amstext.sty
Package: amstext 2000/06/29 v2.01

(/usr/share/texmf/tex/latex/amsmath/amsgen.sty
File: amsgen.sty 1999/11/30 v2.0
\@emptytoks=\toks21
\ex@=\dimen163
))
(/usr/share/texmf/tex/latex/amsmath/amsbsy.sty
Package: amsbsy 1999/11/29 v1.2d
\pmbraise@=\dimen164
)
(/usr/share/texmf/tex/latex/amsmath/amsopn.sty
Package: amsopn 1999/12/14 v2.01 operator names
)
\inf@bad=\count122
LaTeX Info: Redefining \frac on input line 211.
\uproot@=\count123
\leftroot@=\count124
LaTeX Info: Redefining \overline on input line 307.
\classnum@=\count125
\DOTSCASE@=\count126
LaTeX Info: Redefining \ldots on input line 379.
LaTeX Info: Redefining \dots on input line 382.
LaTeX Info: Redefining \cdots on input line 467.
\Mathstrutbox@=\box40
\strutbox@=\box41
\big@size=\dimen165
LaTeX Font Info:    Redeclaring font encoding OML on input line 567.
LaTeX Font Info:    Redeclaring font encoding OMS on input line 568.
\macc@depth=\count127
\c@MaxMatrixCols=\count128
\dotsspace@=\muskip10
\c@parentequation=\count129
\dspbrk@lvl=\count130
\tag@help=\toks22
\row@=\count131
\column@=\count132
\maxfields@=\count133
\andhelp@=\toks23
\eqnshift@=\dimen166
\alignsep@=\dimen167
\tagshift@=\dimen168
\tagwidth@=\dimen169
\totwidth@=\dimen170
\lineht@=\dimen171
\@envbody=\toks24
\multlinegap=\skip70
\multlinetaggap=\skip71
\mathdisplay@stack=\toks25
LaTeX Info: Redefining \[ on input line 2666.
LaTeX Info: Redefining \] on input line 2667.
)
(/usr/share/texmf/tex/latex/amsfonts/amssymb.sty
Package: amssymb 2002/01/22 v2.2d

(/usr/share/texmf/tex/latex/amsfonts/amsfonts.sty
Package: amsfonts 2001/10/25 v2.2f
\symAMSa=\mathgroup4
\symAMSb=\mathgroup5
LaTeX Font Info:    Overwriting math alphabet `\mathfrak' in version `bold'
(Font)                  U/euf/m/n --> U/euf/b/n on input line 132.
))
(/usr/share/texmf/tex/latex/ltxmisc/relsize.sty
Package: relsize 2003/07/04 ver 3.1
)
(/usr/share/texmf/tex/latex/multirow/multirow.sty
\bigstrutjot=\dimen172
)
(/usr/share/texmf/tex/latex/rotating/rotating.sty
Package: rotating 1997/09/26, v2.13 Rotation package
\c@r@tfl@t=\count134
\rot@float@box=\box42
)
(/usr/share/texmf/tex/latex/tools/bm.sty
Package: bm 2004/02/26 v1.1c Bold Symbol Support (DPC/FMi)
\symboldoperators=\mathgroup6
\symboldletters=\mathgroup7
\symboldsymbols=\mathgroup8
LaTeX Font Info:    Redeclaring math alphabet \mathbf on input line 137.
LaTeX Info: Redefining \bm on input line 203.
)
(/usr/share/texmf/tex/latex/html/url.sty
Package: url 1999/03/02  ver 1.4  Verb mode for urls, email addresses, and file
 names
)
(/usr/share/texmf/tex/latex/tools/multicol.sty
Package: multicol 2006/05/18 v1.6g multicolumn formatting (FMi)
\c@tracingmulticols=\count135
\mult@box=\box43
\multicol@leftmargin=\dimen173
\c@unbalance=\count136
\c@collectmore=\count137
\doublecol@number=\count138
\multicoltolerance=\count139
\multicolpretolerance=\count140
\full@width=\dimen174
\page@free=\dimen175
\premulticols=\dimen176
\postmulticols=\dimen177
\multicolsep=\skip72
\multicolbaselineskip=\skip73
\partial@page=\box44
\last@line=\box45
\mult@rightbox=\box46
\mult@grightbox=\box47
\mult@gfirstbox=\box48
\mult@firstbox=\box49
\@tempa=\box50
\@tempa=\box51
\@tempa=\box52
\@tempa=\box53
\@tempa=\box54
\@tempa=\box55
\@tempa=\box56
\@tempa=\box57
\@tempa=\box58
\@tempa=\box59
\@tempa=\box60
\@tempa=\box61
\@tempa=\box62
\@tempa=\box63
\@tempa=\box64
\@tempa=\box65
\@tempa=\box66
\c@columnbadness=\count141
\c@finalcolumnbadness=\count142
\last@try=\dimen178
\multicolovershoot=\dimen179
\multicolundershoot=\dimen180
\mult@nat@firstbox=\box67
\colbreak@box=\box68
)
(/afs/inf.ed.ac.uk/user/s09/s0954584/texmf/tex/latex/algpseudocode.sty
Package: algpseudocode 

(/afs/inf.ed.ac.uk/user/s09/s0954584/texmf/tex/latex/algorithmicx.sty
Package: algorithmicx 2005/04/27 v1.2 Algorithmicx

Document Style algorithmicx 1.2 - a greatly improved `algorithmic' style
\c@ALG@line=\count143
\c@ALG@rem=\count144
\c@ALG@nested=\count145
\ALG@tlm=\skip74
\ALG@thistlm=\skip75
\c@ALG@Lnr=\count146
\c@ALG@blocknr=\count147
\c@ALG@storecount=\count148
\c@ALG@tmpcounter=\count149
\ALG@tmplength=\skip76
)
Document Style - pseudocode environments for use with the `algorithmicx' style
) (/usr/share/texmf/tex/latex/algorithms/algorithm.sty
Package: algorithm 

Document Style `algorithm' - floating environment
(/usr/share/texmf/tex/latex/float/float.sty
Package: float 2001/11/08 v1.3d Float enhancements (AL)
\c@float@type=\count150
\float@exts=\toks26
\float@box=\box69
\@float@everytoks=\toks27
\@floatcapt=\box70
)
\@float@every@algorithm=\toks28
\c@algorithm=\count151
)
(/usr/share/texmf/tex/latex/psnfss/palatino.sty
Package: palatino 2005/04/12 PSNFSS-v9.2a (SPQR) 
)

LaTeX Warning: Unused global option(s):
    [final].

(./shredderPoster.aux)
\openout1 = `shredderPoster.aux'.

LaTeX Font Info:    Checking defaults for OML/cmm/m/it on input line 37.
LaTeX Font Info:    ... okay on input line 37.
LaTeX Font Info:    Checking defaults for T1/cmr/m/n on input line 37.
LaTeX Font Info:    ... okay on input line 37.
LaTeX Font Info:    Checking defaults for OT1/cmr/m/n on input line 37.
LaTeX Font Info:    ... okay on input line 37.
LaTeX Font Info:    Checking defaults for OMS/cmsy/m/n on input line 37.
LaTeX Font Info:    ... okay on input line 37.
LaTeX Font Info:    Checking defaults for OMX/cmex/m/n on input line 37.
LaTeX Font Info:    ... okay on input line 37.
LaTeX Font Info:    Checking defaults for U/cmr/m/n on input line 37.
LaTeX Font Info:    ... okay on input line 37.
LaTeX Font Info:    Try loading font information for T1+phv on input line 37.
 (/usr/share/texmf/tex/latex/psnfss/t1phv.fd
File: t1phv.fd 2001/06/04 scalable font definitions for T1/phv.
)
(/usr/share/texmf/tex/context/base/supp-pdf.tex
[Loading MPS to PDF converter (version 2006.09.02).]
\scratchcounter=\count152
\scratchdimen=\dimen181
\scratchbox=\box71
\nofMPsegments=\count153
\nofMParguments=\count154
\MPscratchCnt=\count155
\MPscratchDim=\dimen182
\MPnumerator=\count156
\everyMPtoPDFconversion=\toks29
)
-------------------- Geometry parameters
paper: user defined
landscape: --
twocolumn: --
twoside: --
asymmetric: --
h-parts: 11.82181pt, 639.16602pt, 11.82181pt
v-parts: 11.82181pt, 913.43207pt, 11.82181pt
hmarginratio: --
vmarginratio: --
lines: --
heightrounded: --
bindingoffset: 0.0pt
truedimen: --
includehead: --
includefoot: --
includemp: --
driver: pdftex
-------------------- Page layout dimensions and switches
\paperwidth  662.80963pt
\paperheight 937.07568pt
\textwidth  639.16602pt
\textheight 913.43207pt
\oddsidemargin  -60.44818pt
\evensidemargin -60.44818pt
\topmargin  -97.44818pt
\headheight 12.0pt
\headsep    25.0pt
\footskip   30.0pt
\marginparwidth 65.0pt
\marginparsep   11.0pt
\columnsep  10.0pt
\skip\footins  9.0pt plus 4.0pt minus 2.0pt
\hoffset 0.0pt
\voffset 0.0pt
\mag 1000

(1in=72.27pt, 1cm=28.45pt)
-----------------------
 <images/eyecatcher.jpg, id=20, 283.2984pt x 302.8113pt>
File: images/eyecatcher.jpg Graphic file (type jpg)

<use images/eyecatcher.jpg> <images/logo.jpg, id=21, 228.855pt x 168.8709pt>
File: images/logo.jpg Graphic file (type jpg)

<use images/logo.jpg>
LaTeX Font Info:    Font shape `T1/phv/bx/n' in size <10> not available
(Font)              Font shape `T1/phv/b/n' tried instead on input line 61.
LaTeX Font Info:    Font shape `T1/phv/bx/n' in size <24.88> not available
(Font)              Font shape `T1/phv/b/n' tried instead on input line 61.
LaTeX Font Info:    Font shape `T1/phv/bx/sc' in size <24.88> not available
(Font)              Font shape `T1/phv/b/sc' tried instead on input line 61.
LaTeX Font Info:    Try loading font information for T1+ppl on input line 61.
 (/usr/share/texmf/tex/latex/psnfss/t1ppl.fd
File: t1ppl.fd 2001/06/04 font definitions for T1/ppl.
)
LaTeX Font Info:    Font shape `T1/ppl/bx/sc' in size <24.88> not available
(Font)              Font shape `T1/ppl/b/sc' tried instead on input line 61.
LaTeX Font Info:    Try loading font information for T1+pcr on input line 61.

(/usr/share/texmf/tex/latex/psnfss/t1pcr.fd
File: t1pcr.fd 2001/06/04 font definitions for T1/pcr.
)
LaTeX Font Info:    Try loading font information for U+msa on input line 61.

(/usr/share/texmf/tex/latex/amsfonts/umsa.fd
File: umsa.fd 2002/01/19 v2.2g AMS font definitions
)
LaTeX Font Info:    Try loading font information for U+msb on input line 61.

(/usr/share/texmf/tex/latex/amsfonts/umsb.fd
File: umsb.fd 2002/01/19 v2.2g AMS font definitions
)
<images/stasiSmall.jpg, id=22, 191.9672pt x 264.23718pt>
File: images/stasiSmall.jpg Graphic file (type jpg)

<use images/stasiSmall.jpg> <images/iran.jpg, id=23, 648.4225pt x 860.21375pt>
File: images/iran.jpg Graphic file (type jpg)

<use images/iran.jpg>
Missing character: There is no ; in font nullfont!
Missing character: There is no ; in font nullfont!
Missing character: There is no ; in font nullfont!
Missing character: There is no ; in font nullfont!
Missing character: There is no ; in font nullfont!
Missing character: There is no ; in font nullfont!
 <../imgs/EntOrig.png, id=24, 131.49126pt x 29.10875pt>
File: ../imgs/EntOrig.png Graphic file (type png)

<use ../imgs/EntOrig.png>
<../imgs/EntNoise.png, id=25, 132.495pt x 29.10875pt>
File: ../imgs/EntNoise.png Graphic file (type png)

<use ../imgs/EntNoise.png>
<../imgs/EntDown.png, id=26, 89.33376pt x 19.07124pt>
File: ../imgs/EntDown.png Graphic file (type png)

<use ../imgs/EntDown.png>
<../imgs/EntSpread.png, id=27, 137.51375pt x 30.1125pt>
File: ../imgs/EntSpread.png Graphic file (type png)

<use ../imgs/EntSpread.png> <../imgs/origComp.pdf, id=28, 578.16pt x 433.62pt>
File: ../imgs/origComp.pdf Graphic file (type pdf)

<use ../imgs/origComp.pdf> <../imgs/noise.pdf, id=29, 578.16pt x 433.62pt>
File: ../imgs/noise.pdf Graphic file (type pdf)

<use ../imgs/noise.pdf> <../imgs/downsample.pdf, id=30, 578.16pt x 433.62pt>
File: ../imgs/downsample.pdf Graphic file (type pdf)

<use ../imgs/downsample.pdf> <../imgs/shuffle.pdf, id=31, 578.16pt x 433.62pt>
File: ../imgs/shuffle.pdf Graphic file (type pdf)

<use ../imgs/shuffle.pdf>
Missing character: There is no ; in font nullfont!
Missing character: There is no ; in font nullfont!
Missing character: There is no ; in font nullfont!

<../imgs/rowScore.pdf, id=32, 579.96674pt x 362.25337pt>
File: ../imgs/rowScore.pdf Graphic file (type pdf)

<use ../imgs/rowScore.pdf>
<../imgs/EntRow.png, id=33, 131.49126pt x 29.10875pt>
File: ../imgs/EntRow.png Graphic file (type png)
 <use ../imgs/EntRow.png>
<../imgs/orientation.pdf, id=34, 586.29034pt x 364.9635pt>
File: ../imgs/orientation.pdf Graphic file (type pdf)

<use ../imgs/orientation.pdf>
Underfull \hbox (badness 10000) in paragraph at lines 208--208
[][]
 []


Underfull \hbox (badness 10000) in paragraph at lines 208--208
[]
 []


Underfull \hbox (badness 10000) in paragraph at lines 208--208
[]
 []


Underfull \hbox (badness 10000) in paragraph at lines 208--208
[]$
 []

Missing character: There is no ; in font nullfont!
Missing character: There is no ; in font nullfont!
Missing character: There is no ; in font nullfont!
<../imgs/kruskalS1Grey.jpg, id=35, 471.7625pt x 345.29pt>
File: ../imgs/kruskalS1Grey.jpg Graphic file (type jpg)

<use ../imgs/kruskalS1Grey.jpg>
<../imgs/kruskalS2Grey.jpg, id=36, 782.925pt x 348.30125pt>
File: ../imgs/kruskalS2Grey.jpg Graphic file (type jpg)

<use ../imgs/kruskalS2Grey.jpg>
<../imgs/kruskalS3Grey.jpg, id=37, 913.4125pt x 349.305pt>
File: ../imgs/kruskalS3Grey.jpg Graphic file (type jpg)

<use ../imgs/kruskalS3Grey.jpg>
<../imgs/kruskalS4Grey.jpg, id=38, 715.67375pt x 497.86pt>
File: ../imgs/kruskalS4Grey.jpg Graphic file (type jpg)

<use ../imgs/kruskalS4Grey.jpg>
Missing character: There is no ; in font nullfont!
Missing character: There is no ; in font nullfont!
Missing character: There is no ; in font nullfont!

<../imgs/ss49Grey.jpg, id=39, 895.345pt x 1124.2pt>
File: ../imgs/ss49Grey.jpg Graphic file (type jpg)
 <use ../imgs/ss49Grey.jpg>
<../imgs/cc49Grey.jpg, id=40, 997.7275pt x 1316.92pt>
File: ../imgs/cc49Grey.jpg Graphic file (type jpg)

<use ../imgs/cc49Grey.jpg>
LaTeX Font Info:    Font shape `T1/phv/m/it' in size <10> not available
(Font)              Font shape `T1/phv/m/sl' tried instead on input line 273.
Missing character: There is no ; in font nullfont!
Missing character: There is no ; in font nullfont!
Missing character: There is no ; in font nullfont!
LaTeX Font Info:    Font shape `T1/phv/m/it' in size <8> not available
(Font)              Font shape `T1/phv/m/sl' tried instead on input line 290.
Missing character: There is no ; in font nullfont!
Missing character: There is no ; in font nullfont!
Missing character: There is no ; in font nullfont!
 [2

{/var/lib/texmf/fonts/map/pdftex/updmap/pdftex.map} <./images/eyecatcher.jpg> <
./images/logo.jpg> <./images/stasiSmall.jpg> <./images/iran.jpg> <../imgs/EntOr
ig.png> <../imgs/EntNoise.png> <../imgs/EntDown.png> <../imgs/EntSpread.png> <.
./imgs/origComp.pdf

pdfTeX warning: pdflatex (file ../imgs/origComp.pdf): PDF inclusion: Page Group
 detected which pdfTeX can't handle. Ignoring it.
> <../imgs/noise.pdf

pdfTeX warning: pdflatex (file ../imgs/noise.pdf): PDF inclusion: Page Group de
tected which pdfTeX can't handle. Ignoring it.
> <../imgs/downsample.pdf

pdfTeX warning: pdflatex (file ../imgs/downsample.pdf): PDF inclusion: Page Gro
up detected which pdfTeX can't handle. Ignoring it.
> <../imgs/shuffle.pdf

pdfTeX warning: pdflatex (file ../imgs/shuffle.pdf): PDF inclusion: Page Group 
detected which pdfTeX can't handle. Ignoring it.
> <../imgs/rowScore.pdf

pdfTeX warning: pdflatex (file ../imgs/rowScore.pdf): PDF inclusion: Page Group
 detected which pdfTeX can't handle. Ignoring it.
> <../imgs/EntRow.png> <../imgs/orientation.pdf

pdfTeX warning: pdflatex (file ../imgs/orientation.pdf): PDF inclusion: Page Gr
oup detected which pdfTeX can't handle. Ignoring it.
> <../imgs/kruskalS1Grey.jpg> <../imgs/kruskalS2Grey.jpg> <../imgs/kruskalS3Gre
y.jpg> <../imgs/kruskalS4Grey.jpg> <../imgs/ss49Grey.jpg> <../imgs/cc49Grey.jpg
>] (./shredderPoster.aux) ) 
Here is how much of TeX's memory you used:
 11673 strings out of 256216
 211667 string characters out of 1917072
 281507 words of memory out of 1500000
 14645 multiletter control sequences out of 10000+200000
 46694 words of font info for 56 fonts, out of 1200000 for 2000
 645 hyphenation exceptions out of 8191
 54i,14n,70p,520b,931s stack positions out of 5000i,500n,6000p,200000b,15000s
{/usr/share/texmf/fonts/enc/dvips/base/8r.enc}</usr/
share/texmf/fonts/type1/bluesky/cm/cmex10.pfb></usr/share/texmf/fonts/type1/blu
esky/cm/cmmi10.pfb></usr/share/texmf/fonts/type1/bluesky/cm/cmmi7.pfb></usr/sha
re/texmf/fonts/type1/bluesky/cm/cmr10.pfb></usr/share/texmf/fonts/type1/bluesky
/cm/cmsy10.pfb></usr/share/texmf/fonts/type1/bluesky/cm/cmsy7.pfb></usr/share/t
exmf/fonts/type1/urw/courier/ucrr8a.pfb></usr/share/texmf/fonts/type1/urw/helve
tic/uhvb8a.pfb></usr/share/texmf/fonts/type1/urw/helvetic/uhvr8a.pfb></usr/shar
e/texmf/fonts/type1/urw/helvetic/uhvro8a.pfb></usr/share/texmf/fonts/type1/urw/
palatino/uplb8a.pfb></usr/share/texmf/fonts/type1/urw/palatino/uplr8a.pfb>
Output written on shredderPoster.pdf (1 page, 3219371 bytes).
PDF statistics:
 333 PDF objects out of 1000 (max. 8388607)
 0 named destinations out of 1000 (max. 131072)
 214 words of extra memory for PDF output out of 10000 (max. 10000000)

